<?xml version="1.0" encoding="UTF-8"?>
<testsuite name="com.example.testjenkis.TestJenkisApplicationTests" tests="1" skipped="0" failures="0" errors="0" timestamp="2023-09-12T17:44:04" hostname="tizobackend-IdeaPad-Gaming-3-15ACH6" time="0.503">
  <properties/>
  <testcase name="contextLoads()" classname="com.example.testjenkis.TestJenkisApplicationTests" time="0.503"/>
  <system-out><![CDATA[11:44:03.794 [Test worker] INFO org.springframework.test.context.support.AnnotationConfigContextLoaderUtils -- Could not detect default configuration classes for test class [com.example.testjenkis.TestJenkisApplicationTests]: TestJenkisApplicationTests does not declare any static, non-private, non-final, nested classes annotated with @Configuration.
11:44:03.854 [Test worker] INFO org.springframework.boot.test.context.SpringBootTestContextBootstrapper -- Found @SpringBootConfiguration com.example.testjenkis.TestJenkisApplication for test class com.example.testjenkis.TestJenkisApplicationTests

  .   ____          _            __ _ _
 /\\ / ___'_ __ _ _(_)_ __  __ _ \ \ \ \
( ( )\___ | '_ | '_| | '_ \/ _` | \ \ \ \
 \\/  ___)| |_)| | | | | || (_| |  ) ) ) )
  '  |____| .__|_| |_|_| |_\__, | / / / /
 =========|_|==============|___/=/_/_/_/
 :: Spring Boot ::                (v3.1.3)

2023-09-12T11:44:04.127-06:00  INFO 15567 --- [    Test worker] c.e.t.TestJenkisApplicationTests         : Starting TestJenkisApplicationTests using Java 17.0.8.1 with PID 15567 (started by tizobackend in /home/tizobackend/Documents/jenkis/apps_deploy_example/Test-jenkins-springboot)
2023-09-12T11:44:04.129-06:00  INFO 15567 --- [    Test worker] c.e.t.TestJenkisApplicationTests         : No active profile set, falling back to 1 default profile: "default"
2023-09-12T11:44:04.867-06:00  INFO 15567 --- [    Test worker] c.e.t.TestJenkisApplicationTests         : Started TestJenkisApplicationTests in 0.909 seconds (process running for 1.591)
]]></system-out>
  <system-err><![CDATA[]]></system-err>
</testsuite>
